0 verbose cli /usr/bin/node /usr/bin/npm
1 info using npm@10.8.2
2 info using node@v20.19.4
3 silly config load:file:/usr/lib/node_modules/npm/npmrc
4 silly config load:file:/root/.npmrc
5 silly config load:file:/usr/etc/npmrc
6 verbose title npm install bytenode
7 verbose argv "install" "--global" "bytenode"
8 verbose logfile logs-max:10 dir:/root/.npm/_logs/2025-08-14T02_08_11_979Z-
9 verbose logfile /root/.npm/_logs/2025-08-14T02_08_11_979Z-debug-0.log
10 silly packumentCache heap:2197815296 maxSize:549453824 maxEntrySize:274726912
11 silly logfile start cleaning logs, removing 1 files
12 silly logfile done cleaning log files
13 silly idealTree buildDeps
14 silly fetch manifest bytenode@*
15 silly packumentCache full:https://registry.npmjs.org/bytenode cache-miss
16 http fetch GET 200 https://registry.npmjs.org/bytenode 49ms (cache hit)
17 silly packumentCache full:https://registry.npmjs.org/bytenode set size:115746 disposed:false
18 silly placeDep ROOT bytenode@1.5.7 OK for:  want: *
19 silly reify mark retired [ '/usr/lib/node_modules/bytenode', '/usr/bin/bytenode' ]
20 silly reify moves {
20 silly reify   '/usr/lib/node_modules/bytenode': '/usr/lib/node_modules/.bytenode-oZDsDiCc',
20 silly reify   '/usr/bin/bytenode': '/usr/bin/.bytenode-7kTNscpy'
20 silly reify }
21 silly CHANGE node_modules/bytenode
22 verbose cwd /root
23 verbose os Linux 6.2.1-PRoot-Distro
24 verbose node v20.19.4
25 verbose npm  v10.8.2
26 verbose exit 0
27 info ok
